0 info it worked if it ends with ok
1 verbose cli [ 'D:\\Projects\\NodeJS\\\\node.exe',
1 verbose cli   'D:\\Projects\\NodeJS\\node_modules\\npm\\bin\\npm-cli.js',
1 verbose cli   'start' ]
2 info using npm@1.4.14
3 info using node@v0.10.29
4 verbose node symlink D:\Projects\NodeJS\\node.exe
5 verbose run-script [ 'prestart', 'start', 'poststart' ]
6 info prestart customer-search@0.0.0
7 info start customer-search@0.0.0
8 verbose unsafe-perm in lifecycle true
9 info customer-search@0.0.0 Failed to exec start script
10 error customer-search@0.0.0 start: `http-server -a 0.0.0.0 -p 8082`
10 error Exit status 1
11 error Failed at the customer-search@0.0.0 start script.
11 error This is most likely a problem with the customer-search package,
11 error not with npm itself.
11 error Tell the author that this fails on your system:
11 error     http-server -a 0.0.0.0 -p 8082
11 error You can get their info via:
11 error     npm owner ls customer-search
11 error There is likely additional logging output above.
12 error System Windows_NT 6.1.7600
13 error command "D:\\Projects\\NodeJS\\\\node.exe" "D:\\Projects\\NodeJS\\node_modules\\npm\\bin\\npm-cli.js" "start"
14 error cwd D:\Projects\Angular\CustomerSearch
15 error node -v v0.10.29
16 error npm -v 1.4.14
17 error code ELIFECYCLE
18 verbose exit [ 1, true ]
